<?xml version="1.0" encoding="UTF-8" ?>
<testsuites name="vitest tests" tests="2" failures="2" errors="0" time="0.017470792">
    <testsuite name="src/app/shared/components/tabs/tabs.logic.spec.ts" timestamp="2025-12-26T17:28:44.258Z" hostname="jay-MS-7971" tests="2" failures="2" errors="0" skipped="0" time="0.017470792">
        <testcase classname="src/app/shared/components/tabs/tabs.logic.spec.ts" name="TabsComponent Logic Isolated &gt; should skip disabled tab logic (Horizontal ArrowRight)" time="0.003797607">
            <failure message="Need to call TestBed.initTestEnvironment() first" type="Error">
Error: Need to call TestBed.initTestEnvironment() first
 ❯ TestBedImpl.get compiler [as compiler] node_modules/@angular/core/fesm2022/testing.mjs:1486:13
 ❯ TestBedImpl.configureTestingModule node_modules/@angular/core/fesm2022/testing.mjs:1402:10
 ❯ Function.configureTestingModule node_modules/@angular/core/fesm2022/testing.mjs:1273:33
 ❯ src/app/shared/components/tabs/tabs.logic.spec.ts:31:23
            </failure>
        </testcase>
        <testcase classname="src/app/shared/components/tabs/tabs.logic.spec.ts" name="TabsComponent Logic Isolated &gt; should handle Vertical navigation (ArrowDown)" time="0.012448305">
            <failure message="Component &apos;TabsComponent&apos; is not resolved:
 - templateUrl: ./tabs.component.html
 - styleUrl: ./tabs.component.scss
Did you run and wait for &apos;resolveComponentResources()&apos;?" type="Error">
Error: Component &apos;TabsComponent&apos; is not resolved:
 - templateUrl: ./tabs.component.html
 - styleUrl: ./tabs.component.scss
Did you run and wait for &apos;resolveComponentResources()&apos;?
 ❯ Function.get node_modules/@angular/core/fesm2022/_debug_node-chunk.mjs:17775:17
 ❯ getComponentDef node_modules/@angular/core/fesm2022/testing.mjs:1154:16
 ❯ isStandaloneComponent node_modules/@angular/core/fesm2022/testing.mjs:1150:15
 ❯ node_modules/@angular/core/fesm2022/testing.mjs:934:17
 ❯ queueTypesFromModulesArrayRecur node_modules/@angular/core/fesm2022/testing.mjs:933:24
 ❯ TestBedCompiler.queueTypesFromModulesArray node_modules/@angular/core/fesm2022/testing.mjs:943:5
 ❯ TestBedCompiler.configureTestingModule node_modules/@angular/core/fesm2022/testing.mjs:567:12
 ❯ TestBedImpl.configureTestingModule node_modules/@angular/core/fesm2022/testing.mjs:1402:19
 ❯ Function.configureTestingModule node_modules/@angular/core/fesm2022/testing.mjs:1273:33
            </failure>
        </testcase>
    </testsuite>
</testsuites>
